信号监控系统初始化成功
信息 
            当前检测周期15m
            以下形成有效多头:
		

            以下形成有效空头:
		CORE-USDT-SWAP
		LPT-USDT-SWAP

            价格均线徘徊区间:
		ONT-USDT-SWAP

            价格均线走势背离:
		BNB-USDT-SWAP

            信息太频繁？更多周期？
            https://t.me/xianren_trader
            免费获取全功能交易机器人
            2023-04-21 16:00
            
信息 
            当前检测周期15m
            以下形成有效多头:
		

            以下形成有效空头:
		LPT-USDT-SWAP

            价格均线徘徊区间:
		LTC-USDT-SWAP
		ARB-USDT-SWAP
		ADA-USDT-SWAP
		AXS-USDT-SWAP
		BAT-USDT-SWAP
		CRO-USDT-SWAP
		CSPR-USDT-SWAP
		KNC-USDT-SWAP
		LUNC-USDT-SWAP
		ONT-USDT-SWAP

            价格均线走势背离:
		

            信息太频繁？更多周期？
            https://t.me/xianren_trader
            免费获取全功能交易机器人
            2023-04-21 16:15
            
信息 
            当前检测周期15m
            以下形成有效多头:
		

            以下形成有效空头:
		

            价格均线徘徊区间:
		ADA-USDT-SWAP
		ETHW-USDT-SWAP
		IOTA-USDT-SWAP
		KNC-USDT-SWAP
		WOO-USDT-SWAP

            价格均线走势背离:
		

            信息太频繁？更多周期？
            https://t.me/xianren_trader
            免费获取全功能交易机器人
            2023-04-21 16:30
            
信息 
            当前检测周期15m
            以下形成有效多头:
		

            以下形成有效空头:
		XMR-USDT-SWAP

            价格均线徘徊区间:
		AR-USDT-SWAP
		BSV-USDT-SWAP
		TRX-USDT-SWAP

            价格均线走势背离:
		

            信息太频繁？更多周期？
            https://t.me/xianren_trader
            免费获取全功能交易机器人
            2023-04-21 16:45
            
信息 
            当前检测周期15m
            以下形成有效多头:
		

            以下形成有效空头:
		XMR-USDT-SWAP

            价格均线徘徊区间:
		AR-USDT-SWAP
		BCH-USDT-SWAP
		SNX-USDT-SWAP

            价格均线走势背离:
		TON-USDT-SWAP

            信息太频繁？更多周期？
            https://t.me/xianren_trader
            免费获取全功能交易机器人
            2023-04-21 17:00
            
信息 
            当前检测周期15m
            以下形成有效多头:
		

            以下形成有效空头:
		YFII-USDT-SWAP

            价格均线徘徊区间:
		

            价格均线走势背离:
		

            信息太频繁？更多周期？
            https://t.me/xianren_trader
            免费获取全功能交易机器人
            2023-04-21 17:15
            
信息 
            当前检测周期15m
            以下形成有效多头:
		

            以下形成有效空头:
		XTZ-USDT-SWAP

            价格均线徘徊区间:
		

            价格均线走势背离:
		

            信息太频繁？更多周期？
            https://t.me/xianren_trader
            免费获取全功能交易机器人
            2023-04-21 17:30
            
信息 
            当前检测周期15m
            以下形成有效多头:
		ZIL-USDT-SWAP

            以下形成有效空头:
		

            价格均线徘徊区间:
		KNC-USDT-SWAP
		ZEC-USDT-SWAP

            价格均线走势背离:
		

            信息太频繁？更多周期？
            https://t.me/xianren_trader
            免费获取全功能交易机器人
            2023-04-21 17:45
            
信息 
            当前检测周期15m
            以下形成有效多头:
		GFT-USDT-SWAP

            以下形成有效空头:
		

            价格均线徘徊区间:
		ARB-USDT-SWAP
		1INCH-USDT-SWAP
		APE-USDT-SWAP
		AXS-USDT-SWAP
		BAL-USDT-SWAP
		EGLD-USDT-SWAP
		ENJ-USDT-SWAP
		ETHW-USDT-SWAP
		SHIB-USDT-SWAP
		SNX-USDT-SWAP

            价格均线走势背离:
		

            信息太频繁？更多周期？
            https://t.me/xianren_trader
            免费获取全功能交易机器人
            2023-04-21 18:00
            
信息 
            当前检测周期15m
            以下形成有效多头:
		

            以下形成有效空头:
		

            价格均线徘徊区间:
		1INCH-USDT-SWAP
		ENJ-USDT-SWAP

            价格均线走势背离:
		

            信息太频繁？更多周期？
            https://t.me/xianren_trader
            免费获取全功能交易机器人
            2023-04-21 18:15
            
信息 
            当前检测周期15m
            以下形成有效多头:
		

            以下形成有效空头:
		

            价格均线徘徊区间:
		CFX-USDT-SWAP
		AR-USDT-SWAP
		LUNA-USDT-SWAP
		LUNC-USDT-SWAP
		QTUM-USDT-SWAP
		XLM-USDT-SWAP
		ZEN-USDT-SWAP

            价格均线走势背离:
		CRO-USDT-SWAP
		JST-USDT-SWAP

            信息太频繁？更多周期？
            https://t.me/xianren_trader
            免费获取全功能交易机器人
            2023-04-21 18:30
            
信息 
            当前检测周期15m
            以下形成有效多头:
		

            以下形成有效空头:
		

            价格均线徘徊区间:
		AR-USDT-SWAP
		LUNC-USDT-SWAP
		QTUM-USDT-SWAP
		XLM-USDT-SWAP

            价格均线走势背离:
		

            信息太频繁？更多周期？
            https://t.me/xianren_trader
            免费获取全功能交易机器人
            2023-04-21 18:45
            
